<?xml version="1.0" encoding="UTF-8"?>
<!-- Generated by org.testng.reporters.JUnitXMLReporter -->
<testsuite hostname="LTPI0006" ignored="1" name="Test chrome" tests="2" failures="0" timestamp="20 Jan 2021 12:36:16 GMT" time="72.34" errors="0">
  <testcase name="userValidLoginTest" time="2.803" classname="com.seleniummaven.test.TC01_LoginTest"/>
  <testcase name="verifyUserIsCreated" time="17.552" classname="com.seleniummaven.test.TC02_AddUserTest"/>
  <testcase name="@BeforeTest setUp" time="0.0" classname="com.seleniummaven.test.BaseTest">
    <ignored/>
  </testcase> <!-- @BeforeTest setUp -->
</testsuite> <!-- Test chrome -->
