<?xml version="1.0" encoding="UTF-8"?>
<testng-results skipped="0" failed="0" ignored="1" total="3" passed="2">
  <reporter-output>
  </reporter-output>
  <suite name="Suite" duration-ms="32830" started-at="2021-01-13T16:32:27Z" finished-at="2021-01-13T16:33:00Z">
    <groups>
    </groups>
    <test name="Test chrome" duration-ms="32830" started-at="2021-01-13T16:32:27Z" finished-at="2021-01-13T16:33:00Z">
      <class name="com.orangeHRM.test.TC02_AddUserTest">
        <test-method status="PASS" signature="addUser()[pri:1, instance:com.orangeHRM.test.TC02_AddUserTest@1794d431]" name="addUser" duration-ms="9833" started-at="2021-01-13T16:32:50Z" finished-at="2021-01-13T16:33:00Z">
          <reporter-output>
          </reporter-output>
        </test-method> <!-- addUser -->
      </class> <!-- com.orangeHRM.test.TC02_AddUserTest -->
      <class name="com.orangeHRM.test.TC01_LoginTest">
        <test-method status="PASS" signature="setUp()[pri:0, instance:com.orangeHRM.test.TC01_LoginTest@39c0f4a]" name="setUp" is-config="true" duration-ms="17756" started-at="2021-01-13T16:32:27Z" finished-at="2021-01-13T16:32:45Z">
          <reporter-output>
          </reporter-output>
        </test-method> <!-- setUp -->
        <test-method status="PASS" signature="userValidLoginTest(java.util.Map)[pri:0, instance:com.orangeHRM.test.TC01_LoginTest@39c0f4a]" name="userValidLoginTest" duration-ms="3822" started-at="2021-01-13T16:32:46Z" data-provider="getData" finished-at="2021-01-13T16:32:50Z">
          <params>
            <param index="0">
              <value>
                <![CDATA[{TestName=userValidLoginTest, UserName=muhammedhashin16@gmail.com, Execute=Y, Password=Selenium@2021}]]>
              </value>
            </param>
          </params>
          <reporter-output>
          </reporter-output>
        </test-method> <!-- userValidLoginTest -->
      </class> <!-- com.orangeHRM.test.TC01_LoginTest -->
    </test> <!-- Test chrome -->
  </suite> <!-- Suite -->
</testng-results>
