<?xml version="1.0" encoding="UTF-8"?>
<testng-results skipped="0" failed="0" ignored="0" total="1" passed="1">
  <reporter-output>
  </reporter-output>
  <suite name="Suite" duration-ms="36629" started-at="2020-12-28T13:58:41Z" finished-at="2020-12-28T13:59:18Z">
    <groups>
    </groups>
    <test name="Test chrome" duration-ms="36629" started-at="2020-12-28T13:58:41Z" finished-at="2020-12-28T13:59:18Z">
      <class name="com.orangeHRM.test.LoginTest">
        <test-method status="PASS" signature="setUp()[pri:0, instance:com.orangeHRM.test.LoginTest@25b485ba]" name="setUp" is-config="true" duration-ms="20422" started-at="2020-12-28T13:58:41Z" finished-at="2020-12-28T13:59:01Z">
          <reporter-output>
          </reporter-output>
        </test-method> <!-- setUp -->
        <test-method status="PASS" signature="userLogin()[pri:0, instance:com.orangeHRM.test.LoginTest@25b485ba]" name="userLogin" duration-ms="16155" started-at="2020-12-28T13:59:01Z" finished-at="2020-12-28T13:59:18Z">
          <reporter-output>
          </reporter-output>
        </test-method> <!-- userLogin -->
      </class> <!-- com.orangeHRM.test.LoginTest -->
    </test> <!-- Test chrome -->
  </suite> <!-- Suite -->
</testng-results>
